2021-10-12 14:02:41  用户10001541在C端登录成功
2021-10-12 14:02:41  接口：v1/order/confirm-top-up|调用post方法|参数：{'money': 1000}
2021-10-12 14:02:42  返回结果：{'time': 1634018562.032, 'message': '登录已失效，请重新登录！', 'code': 403, 'status': 200, 'data': None} 
2021-10-12 14:04:05  用户10001530在C端登录成功
2021-10-12 14:04:05  接口：v1/order/confirm-top-up|调用post方法|参数：{'money': 1000}
2021-10-12 14:04:06  返回结果：{'time': 1634018646.108, 'message': 'ok', 'code': 0, 'status': 200, 'data': {'id': 14994, 'order_sn': '202110121404060666027', 'price': 1000}} 
2021-10-12 14:04:06  接口：v1/pay/pay|调用post方法|参数：{'pay_type': 1, 'order_sn': '202110121404060666027', 'appName': '榴芒传说', 'appVersion': 'v0.1.3', 'systemType': 'mp', 'systemVersion': 'Windows 10 x64', 'deviceId': 'mini app', 'deviceModel': 'microsoft'}
2021-10-12 14:04:06  返回结果：{'time': 1634018646.341, 'message': 'ok', 'code': 0, 'status': 200, 'data': {'id': 14994, 'pid': 0, 'is_child': 1, 'type': 2, 'order_sn': '202110121404060666027', 'sell_group_order_sn': '', 'pin_status': 0, 'use_status': 0, 'status': 2, 'team_id': 0, 'referrer_type': 0, 'referrer_uid': 0, 'group_id': 0, 'goods_id': 0, 'seckill_id': 0, 'bargain_id': 0, 'brand_id': 0, 'goods_title': '多彩宜购svip', 'goods_subtitle': '', 'activity_name': '', 'user_type': 1, 'uid': 10001530, 'supplier_id': 0, 'supplier_type': 0, 'coupon_id': 0, 'freight_id': 0, 'buyer_nickname': 'Mr.Howell', 'buyer_cellphone': '18512818001', 'buyer_message': '', 'discount_fee': '0.00', 'freight_fee': '0.00', 'goods_fee': '1000.00', 'insurance_fee': '0.00', 'cost_fee': '0.00', 'sale_fee': '1000.00', 'diff_fee': '0.00', 'thrift_fee': '0.00', 'coupon_fee': '0.00', 'rebate_fee': '0.00', 'shop_profit': '0.00', 'service_price': '0.00', 'service_cost': '0.00', 'buy_insurance': 0, 'total_fee': '1000.00', 'actual_fee': '1000.00', 'balance_fee': '0.00', 'give_integral': 1000, 'commission': '', 'pay_type': 1, 'launch_time': 1634018646, 'pay_time': 1634018646, 'send_time': 0, 'take_time': 0, 'cancel_time': 0, 'feedback_time': 0, 'apply_time': 0, 'close_time': 0, 'status_child': 0, 'nums': 1, 'address_id': 0, 'receiver_name': '', 'receiver_mobile': '', 'receiver_idcard': '', 'receiver_province_id': 0, 'receiver_city_id': 0, 'receiver_district_id': 0, 'receiver_street_id': 0, 'receiver_address': '', 'deliver_type': 1, 'from': 0, 'cause': '', 'remark': '', 'logistics_name': '', 'logistics_sn': '', 'express_code': '', 'export_record': 0, 'delflag': 0, 'is_drainage': 0, 'order_uid': 0, 'is_bill': 1, 'created_at': 1634018646, 'updated_at': 1634018646, 'admin_uid': 0, 'old_sys_member_id': 0, 'old_sys_order_id': 0, 'third_order_no': '0', 'really_name': '', 'is_gift': 0, 'shop_province': 0, 'shop_city': 0, 'shop_district': 0, 'is_store_refund': 1, 'store_extend': '', 'shop_referer_rebate_created': 0, 'compensate': '0.00', 'is_subscribe_msg': 0, 'activity_types': 0, 'scm_order_id': '', 'scm_product_id': '0', 'scm_order_price': '0.00', 'trade_type': 0, 'shop_id': '3', 'deliver_shop_id': '0', 'same_city': 0, 'receiver_longitude': 0, 'receiver_latitude': 0, 'volume_width': 0}} 
2021-10-12 14:40:36  李杰1在B端登录成功
2021-10-12 14:40:36  接口：v1/integral-record/list|调用get方法|参数：{'shop_id': '-1', 'uid': '', 'keywords': '', 'phone': '', 'first_uid': '', 'start_time': '', 'end_time': '', 'page': '1', 'pageSize': '10'}
2021-10-12 14:40:36  返回结果：{'time': 1634020836.424, 'message': 'ok', 'code': 0, 'status': 200, 'data': {'page': '1', 'pageSize': 10, 'total_integral': '10.00', 'count': 1, 'items': [{'id': '1', 'uid': '10001427', 'username': '123', 'target_id': '0', 'order_no': '123123123123123', 'type': '2', 'money': '10.00', 'point': '10.00', 'integral': '10.00', 'remark': '123', 'data': None, 'admin_uid': '0', 'admin_username': '', 'created_at': '2021-09-27 15:22:54', 'updated_at': '2021-09-27 15:22:54', 'type_name': '下单消费'}], 'type': [{'value': 1, 'label': '后台增加'}, {'value': 2, 'label': '下单消费'}, {'value': 3, 'label': '会员卡充值'}, {'value': 12, 'label': '关闭订单'}, {'value': 2, 'label': '下单消费'}]}} 
2021-10-12 14:57:28  用户10001530在C端登录成功
2021-10-12 14:57:28  接口：v1/order/submit|调用post方法|参数：{'type': 1, 'bargain_id': 0, 'buy_insurance': 0, 'join_store': 0, 'goods_id': '100004300', 'sku_id': '100003279', 'nums': 1, 'couponNeedNum': 1, 'cart_ids': '', 'address_ids': 4921611, 'coupon_id': '', 'extend': {'100000194': {'buy_insurance': 0, 'buyer_message': ''}}, 'scene': 'null', 'source': 'null', 'appName': '榴芒传说', 'appVersion': 'v0.1.3', 'systemType': 'mp', 'systemVersion': 'Android 10', 'deviceId': 'mini app', 'deviceModel': 'Redmi K20 Pro', 'shopId': '22'}
2021-10-12 14:57:28  返回结果：{'time': 1634021848.679, 'message': '请选择收货地址', 'code': 500, 'status': 200, 'data': None} 
2021-10-12 15:15:12  用户10001530在C端登录成功
2021-10-12 15:17:21  用户10001535在C端登录成功
2021-10-12 15:17:34  用户10001535在C端登录成功
2021-10-12 15:17:53  用户10001535在C端登录成功
2021-10-12 15:18:16  用户10001535在C端登录成功
2021-10-12 15:18:41  用户10001535在C端登录成功
2021-10-12 15:18:57  用户10001535在C端登录成功
2021-10-12 15:19:14  用户10001535在C端登录成功
2021-10-12 15:22:45  用户10001535在C端登录成功
2021-10-12 15:22:52  用户10001535在C端登录成功
2021-10-12 15:23:33  用户10001535在C端登录成功
2021-10-12 15:23:48  用户10001535在C端登录成功
2021-10-12 15:24:06  用户10001535在C端登录成功
2021-10-12 15:24:23  用户10001535在C端登录成功
2021-10-12 15:25:46  用户10001535在C端登录成功
2021-10-12 15:25:56  用户10001535在C端登录成功
2021-10-12 15:27:23  用户10001535在C端登录成功
2021-10-12 15:28:26  用户10001535在C端登录成功
2021-10-12 15:28:34  用户10001535在C端登录成功
2021-10-12 15:28:42  用户10001535在C端登录成功
2021-10-12 15:28:55  用户10001535在C端登录成功
2021-10-12 15:29:11  用户10001535在C端登录成功
2021-10-12 15:29:29  用户10001535在C端登录成功
2021-10-12 15:29:44  用户10001535在C端登录成功
2021-10-12 15:55:17  用户10001535在C端登录成功
2021-10-12 15:56:50  用户10001535在C端登录成功
2021-10-12 16:00:50  用户10001535在C端登录成功
2021-10-12 16:03:41  用户10001530在C端登录成功
2021-10-12 16:03:41  接口：v1/member-address/save|调用post方法|参数：{'id': '', 'name': '李杰', 'phone': '13980883526', 'address': '环球中心s1', 'id_card_name': '', 'id_card': '', 'is_default': 1, 'province': '四川省', 'province_id': 510000, 'city': '成都市', 'city_id': 510100, 'district': '武侯区', 'district_id': 510107, 'full_address': '四川省成都市武侯区环球中心s1', 'appName': '榴芒传说', 'appVersion': 'v1.0.0', 'systemType': 'mp', 'systemVersion': 'Windows 10 x64', 'deviceId': 'mini app', 'deviceModel': 'microsoft', 'longitude': 104.054413, 'latitude': 30.57555}
2021-10-12 16:03:42  返回结果：{'time': 1634025822.366, 'message': '/data/wwwroot/lmcs/lmcs-server/vendor/yiisoft/yii2/base/Component.php 210 Setting unknown property: common\\models\\form\\MemberAddressForm::longitude', 'code': 500, 'status': 200, 'data': None} 
2021-10-12 16:04:10  用户10001530在C端登录成功
2021-10-12 16:04:10  接口：v1/member-address/save|调用post方法|参数：{'id': '', 'name': '李杰', 'phone': '13980883526', 'address': '环球中心s1', 'id_card_name': '', 'id_card': '', 'is_default': 1, 'province': '四川省', 'province_id': 510000, 'city': '成都市', 'city_id': 510100, 'district': '武侯区', 'district_id': 510107, 'full_address': '四川省成都市武侯区环球中心s1', 'appName': '榴芒传说', 'appVersion': 'v1.0.0', 'systemType': 'mp', 'systemVersion': 'Windows 10 x64', 'deviceId': 'mini app', 'deviceModel': 'microsoft', 'longitude': 104.054413, 'latitude': 30.57555}
2021-10-12 16:04:11  返回结果：{'time': 1634025851.054, 'message': '/data/wwwroot/lmcs/lmcs-server/vendor/yiisoft/yii2/base/Component.php 210 Setting unknown property: common\\models\\form\\MemberAddressForm::longitude', 'code': 500, 'status': 200, 'data': None} 
2021-10-12 16:04:19  用户10001530在C端登录成功
2021-10-12 16:04:19  接口：v1/member-address/save|调用post方法|参数：{'id': '', 'name': '李杰', 'phone': '13980883526', 'address': '环球中心s1', 'id_card_name': '', 'id_card': '', 'is_default': 1, 'province': '四川省', 'province_id': 510000, 'city': '成都市', 'city_id': 510100, 'district': '武侯区', 'district_id': 510107, 'full_address': '四川省成都市武侯区环球中心s1', 'appName': '榴芒传说', 'appVersion': 'v1.0.0', 'systemType': 'mp', 'systemVersion': 'Windows 10 x64', 'deviceId': 'mini app', 'deviceModel': 'microsoft', 'longitude': 104.054413, 'latitude': 30.57555}
2021-10-12 16:04:19  返回结果：{'time': 1634025859.87, 'message': '/data/wwwroot/lmcs/lmcs-server/vendor/yiisoft/yii2/base/Component.php 210 Setting unknown property: common\\models\\form\\MemberAddressForm::longitude', 'code': 500, 'status': 200, 'data': None} 
2021-10-12 16:04:59  用户10001530在C端登录成功
2021-10-12 16:04:59  接口：v1/member-address/save|调用post方法|参数：{'id': '', 'name': '李杰', 'phone': '13980883526', 'address': '环球中心s1', 'id_card_name': '', 'id_card': '', 'is_default': 1, 'province': '四川省', 'province_id': 510000, 'city': '成都市', 'city_id': 510100, 'district': '武侯区', 'district_id': 510107, 'full_address': '四川省成都市武侯区环球中心s1', 'appName': '榴芒传说', 'appVersion': 'v1.0.0', 'systemType': 'mp', 'systemVersion': 'Windows 10 x64', 'deviceId': 'mini app', 'deviceModel': 'microsoft', 'longitude': 104.054413, 'latitude': 30.57555}
2021-10-12 16:05:00  返回结果：{'time': 1634025900.237, 'message': '/data/wwwroot/lmcs/lmcs-server/vendor/yiisoft/yii2/base/Component.php 210 Setting unknown property: common\\models\\form\\MemberAddressForm::longitude', 'code': 500, 'status': 200, 'data': None} 
2021-10-12 16:05:10  用户10001530在C端登录成功
2021-10-12 16:05:10  接口：v1/member-address/save|调用post方法|参数：{'id': '', 'name': '李杰', 'phone': '13980883526', 'address': '环球中心s1', 'id_card_name': '', 'id_card': '', 'is_default': 1, 'province': '四川省', 'province_id': 510000, 'city': '成都市', 'city_id': 510100, 'district': '武侯区', 'district_id': 510107, 'full_address': '四川省成都市武侯区环球中心s1', 'appName': '榴芒传说', 'appVersion': 'v1.0.0', 'systemType': 'mp', 'systemVersion': 'Windows 10 x64', 'deviceId': 'mini app', 'deviceModel': 'microsoft', 'longitude': 104.054413, 'latitude': 30.57555}
2021-10-12 16:05:10  返回结果：{'time': 1634025910.988, 'message': '/data/wwwroot/lmcs/lmcs-server/vendor/yiisoft/yii2/base/Component.php 210 Setting unknown property: common\\models\\form\\MemberAddressForm::longitude', 'code': 500, 'status': 200, 'data': None} 
2021-10-12 16:11:31  用户10001530在C端登录成功
2021-10-12 16:11:31  接口：v1/member-address/save|调用post方法|参数：{'id': '0', 'name': '李杰', 'phone': '13980883526', 'address': '环球中心s1', 'id_card_name': '', 'id_card': '', 'is_default': 1, 'province': '四川省', 'province_id': 510000, 'city': '成都市', 'city_id': 510100, 'district': '武侯区', 'district_id': 510107, 'full_address': '四川省成都市武侯区环球中心s1', 'longitude': 104.054413, 'latitude': 30.57555}
2021-10-12 16:11:31  返回结果：{'time': 1634026291.752, 'message': '/data/wwwroot/lmcs/lmcs-server/vendor/yiisoft/yii2/base/Component.php 210 Setting unknown property: common\\models\\form\\MemberAddressForm::longitude', 'code': 500, 'status': 200, 'data': None} 
2021-10-12 16:14:30  用户10001530在C端登录成功
2021-10-12 16:14:30  接口：v1/member-address/save|调用post方法|参数：{'id': '0', 'name': '李杰', 'phone': '13980883526', 'address': '环球中心s1', 'id_card_name': '', 'id_card': '', 'is_default': 1, 'province': '四川省', 'province_id': 510000, 'city': '成都市', 'city_id': 510100, 'district': '武侯区', 'district_id': 510107, 'full_address': '四川省成都市武侯区环球中心s1', 'longitude': 104.054413, 'latitude': 30.57555}
2021-10-12 16:14:31  返回结果：{'time': 1634026471.339, 'message': '/data/wwwroot/lmcs/lmcs-server/vendor/yiisoft/yii2/base/Component.php 210 Setting unknown property: common\\models\\form\\MemberAddressForm::longitude', 'code': 500, 'status': 200, 'data': None} 
2021-10-12 16:17:17  用户10001530在C端登录成功
2021-10-12 16:17:18  接口：v1/member-address/save|调用post方法|参数：{'id': '0', 'name': '李杰', 'phone': '13980883526', 'address': '环球中心s1', 'id_card_name': '', 'id_card': '', 'is_default': 1, 'province': '四川省', 'province_id': 510000, 'city': '成都市', 'city_id': 510100, 'district': '武侯区', 'district_id': 510107, 'full_address': '四川省成都市武侯区环球中心s1', 'longitude': 104.054413, 'latitude': 30.57555}
2021-10-12 16:17:18  返回结果：{'time': 1634026638.362, 'message': '经度必须是一条字符串。', 'code': 11001, 'status': 200, 'data': None} 
2021-10-12 16:18:15  用户10001530在C端登录成功
2021-10-12 16:18:16  接口：v1/member-address/save|调用post方法|参数：{'id': '0', 'name': '李杰', 'phone': '13980883526', 'address': '环球中心s1', 'id_card_name': '', 'id_card': '', 'is_default': 1, 'province': '四川省', 'province_id': 510000, 'city': '成都市', 'city_id': 510100, 'district': '武侯区', 'district_id': 510107, 'full_address': '四川省成都市武侯区环球中心s1', 'longitude': '104.054413', 'latitude': '30.57555'}
2021-10-12 16:18:16  返回结果：{'time': 1634026696.308, 'message': 'ok', 'code': 0, 'status': 200, 'data': True} 
2021-10-12 16:24:45  用户10001530在C端登录成功
2021-10-12 16:24:45  接口：v1/member-address/save|调用post方法|参数：{'id': '0', 'name': '李杰', 'phone': '13980883526', 'address': '环球中心s1', 'id_card_name': '', 'id_card': '', 'is_default': 1, 'province': '四川省', 'province_id': 510000, 'city': '成都市', 'city_id': 510100, 'district': '武侯区', 'district_id': 510107, 'full_address': '四川省成都市武侯区环球中心s1', 'longitude': '104.054413', 'latitude': '30.57555'}
2021-10-12 16:24:45  返回结果：{'time': 1634027085.919, 'message': 'ok', 'code': 0, 'status': 200, 'data': True} 
2021-10-12 16:24:55  用户10001530在C端登录成功
2021-10-12 16:24:55  接口：v1/member-address/save|调用post方法|参数：{'id': '0', 'name': '李杰', 'phone': '13980883526', 'address': '环球中心s1', 'id_card_name': '', 'id_card': '', 'is_default': 1, 'province': '四川省', 'province_id': 510000, 'city': '成都市', 'city_id': 510100, 'district': '武侯区', 'district_id': 510107, 'full_address': '四川省成都市武侯区环球中心s1', 'longitude': '104.054413', 'latitude': '30.57555'}
2021-10-12 16:24:55  返回结果：{'time': 1634027095.649, 'message': 'ok', 'code': 0, 'status': 200, 'data': True} 
2021-10-12 16:25:03  用户10001530在C端登录成功
2021-10-12 16:25:03  接口：v1/member-address/save|调用post方法|参数：{'id': '0', 'name': '李杰', 'phone': '13980883526', 'address': '环球中心s1', 'id_card_name': '', 'id_card': '', 'is_default': 1, 'province': '四川省', 'province_id': 510000, 'city': '成都市', 'city_id': 510100, 'district': '武侯区', 'district_id': 510107, 'full_address': '四川省成都市武侯区环球中心s1', 'longitude': '104.054413', 'latitude': '30.57555'}
2021-10-12 16:25:04  返回结果：{'time': 1634027104.182, 'message': 'ok', 'code': 0, 'status': 200, 'data': True} 
2021-10-12 16:29:31  用户10001530在C端登录成功
2021-10-12 16:29:31  接口：v1/member-address/list|调用post方法|参数：{'page': 1, 'pageSize': 10}
2021-10-12 16:29:31  返回结果：{'time': 1634027372.018, 'message': 'ok', 'code': 0, 'status': 200, 'data': {'count': 5, 'items': [{'id': 4921631, 'uid': 10001530, 'name': '李杰', 'phone': '13980883526', 'id_card': '', 'id_card_name': '', 'province_id': 510000, 'city_id': 510100, 'district_id': 510107, 'street_id': 0, 'province': '四川省', 'city': '成都市', 'district': '武侯区', 'street': '', 'address': '环球中心s1', 'full_address': '四川省成都市武侯区环球中心s1', 'is_default': 1, 'delflag': 0, 'created_at': 1634027104, 'updated_at': 1634027104, 'old_sys_order_id': 0, 'longitude': '104.054413', 'latitude': '30.57555'}, {'id': 4921630, 'uid': 10001530, 'name': '李杰', 'phone': '13980883526', 'id_card': '', 'id_card_name': '', 'province_id': 510000, 'city_id': 510100, 'district_id': 510107, 'street_id': 0, 'province': '四川省', 'city': '成都市', 'district': '武侯区', 'street': '', 'address': '环球中心s1', 'full_address': '四川省成都市武侯区环球中心s1', 'is_default': 0, 'delflag': 0, 'created_at': 1634027095, 'updated_at': 1634027095, 'old_sys_order_id': 0, 'longitude': '104.054413', 'latitude': '30.57555'}, {'id': 4921629, 'uid': 10001530, 'name': '李杰', 'phone': '13980883526', 'id_card': '', 'id_card_name': '', 'province_id': 510000, 'city_id': 510100, 'district_id': 510107, 'street_id': 0, 'province': '四川省', 'city': '成都市', 'district': '武侯区', 'street': '', 'address': '环球中心s1', 'full_address': '四川省成都市武侯区环球中心s1', 'is_default': 0, 'delflag': 0, 'created_at': 1634027085, 'updated_at': 1634027085, 'old_sys_order_id': 0, 'longitude': '104.054413', 'latitude': '30.57555'}, {'id': 4921628, 'uid': 10001530, 'name': '李杰', 'phone': '13980883526', 'id_card': '', 'id_card_name': '', 'province_id': 510000, 'city_id': 510100, 'district_id': 510107, 'street_id': 0, 'province': '四川省', 'city': '成都市', 'district': '武侯区', 'street': '', 'address': '环球中心s1', 'full_address': '四川省成都市武侯区环球中心s1', 'is_default': 0, 'delflag': 0, 'created_at': 1634026696, 'updated_at': 1634026696, 'old_sys_order_id': 0, 'longitude': '104.054413', 'latitude': '30.57555'}, {'id': 4921615, 'uid': 10001530, 'name': '明个', 'phone': '13980883526', 'id_card': '', 'id_card_name': '', 'province_id': 130000, 'city_id': 130200, 'district_id': 130204, 'street_id': 0, 'province': '河北省', 'city': '唐山市', 'district': '古冶区', 'street': '', 'address': '我婆婆要日在', 'full_address': '河北省唐山市古冶区我婆婆要日在', 'is_default': 0, 'delflag': 0, 'created_at': 1631610139, 'updated_at': 1631610139, 'old_sys_order_id': 0, 'longitude': '', 'latitude': ''}], 'page': 1, 'pageSize': 20}} 
2021-10-12 16:31:55  用户10001530在C端登录成功
2021-10-12 16:31:55  接口：v1/order/submit|调用post方法|参数：{'type': 1, 'bargain_id': 0, 'buy_insurance': 0, 'join_store': 0, 'goods_id': '100004300', 'sku_id': '100003279', 'nums': 1, 'couponNeedNum': 1, 'cart_ids': '', 'address_ids': 4921631, 'coupon_id': '', 'extend': {'100000194': {'buy_insurance': 0, 'buyer_message': ''}}, 'scene': 'null', 'source': 'null', 'appName': '榴芒传说', 'appVersion': 'v0.1.3', 'systemType': 'mp', 'systemVersion': 'Android 10', 'deviceId': 'mini app', 'deviceModel': 'Redmi K20 Pro', 'shopId': '22'}
2021-10-12 16:31:56  返回结果：{'time': 1634027516.097, 'message': '商品还未开抢', 'code': 500, 'status': 200, 'data': None} 
2021-10-12 16:32:57  李杰1在B端登录成功
2021-10-12 16:32:57  接口：v1/goods/save|调用post方法|参数：{'is_break': 1, 'is_receive_way_logistics': 1, 'freight_id': 543, 'first_fee': 0, 'cross_border': 2, 'second_fee': '0', 'combination': 0, 'zu_num': 0, 'stock_double': 1, 'is_quick': 0, 'is_top': 0, 'is_welfare': 0, 'team_strategy1': 0, 'team_senior1': 0, 'team_angel1': 0, 'team_angel2': 0, 'brand_id': 17, 'store_ids': [], 'store_extend': [], 'start_type': 1, 'end_type': 3, 'cat_id': ['304'], 'seckill_type': 1, 'shop_type': 0, 'activity_svip': 1, 'activity_star': 0, 'title': '测试下单的商品前驱', 'subtitle': '副标题', 'goods_sn': '商品货号', 'supplier_id': 30357, 'sort': '9999', 'weight': '100', 'volume_width': '101', 'content': '<p>图文详情</p>', 'day_max': '127', 'limit_max': '127', 'single_max': '99', 'single_min': '1', 'freight_type': 3, 'shop_value': [], 'long_thumb': 'https://dcygcdn.jzwp.cn/1632982609973.png', 'seckill_begin_time': 1632931200, 'seckill_end_time': 1633104000, 'seckill_flag': 1, 'is_coupon_convert': 0, 'cat_id1': '304', 'cat_id2': 0, 'cat_id3': 0, 'thumb': 'https://dcygcdn.jzwp.cn/1632982603434.jpg', 'imgs': ['https://dcygcdn.jzwp.cn/1632982606675.jpg'], 'stock_base': '10000', 'type_id': 28, 'type': 28, 'attr_datas': [{'sku_sn': 'null', 'sku_id': 0, 'goods_attr_ids': '', 'incr_stock': '1000', 'market_price': '120', 'star_price': '110', 'star_fee': '12', 'thrift_fee': '14', 'storage_cost': 'null', 'clear_price': 'null', 'shop_price': '119', 'vip_price': '115', 'cost_price': '50'}], 'sku_imgs': {}, 'params': [{'key': '水电费', 'value': '水电费'}], 'goods_id': 100004301, 'supplier_type': 0, 'buy_notice': '冷风机是砥砺奋进收到了看法就熟练度开飞机SDK返利将收到了非跨境收到了看法就是邓刘克俭发送到联发科就收到了非跨境收到了反馈'}
2021-10-12 16:32:58  返回结果：{'code': 0, 'status': 200, 'time': 1634027578.246, 'message': 'ok', 'data': True} 
2021-10-12 16:37:39  用户10001530在C端登录成功
2021-10-12 16:37:39  接口：v1/order/submit|调用post方法|参数：{'type': 1, 'bargain_id': 0, 'buy_insurance': 0, 'join_store': 0, 'goods_id': '100004300', 'sku_id': '100003279', 'nums': 1, 'couponNeedNum': 1, 'cart_ids': '', 'address_ids': 4921631, 'coupon_id': '', 'extend': {'100000194': {'buy_insurance': 0, 'buyer_message': ''}}, 'scene': 'null', 'source': 'null', 'appName': '榴芒传说', 'appVersion': 'v0.1.3', 'systemType': 'mp', 'systemVersion': 'Android 10', 'deviceId': 'mini app', 'deviceModel': 'Redmi K20 Pro', 'shopId': '1'}
2021-10-12 16:37:40  返回结果：{'time': 1634027860.212, 'message': '商品还未开抢', 'code': 500, 'status': 200, 'data': None} 
2021-10-12 16:39:16  用户10001530在C端登录成功
2021-10-12 16:39:16  接口：v1/order/submit|调用post方法|参数：{'type': 1, 'bargain_id': 0, 'buy_insurance': 0, 'join_store': 0, 'goods_id': '100004301', 'sku_id': '100003280', 'nums': 1, 'couponNeedNum': 1, 'cart_ids': '', 'address_ids': 4921631, 'coupon_id': '', 'extend': {'100000194': {'buy_insurance': 0, 'buyer_message': ''}}, 'scene': 'null', 'source': 'null', 'appName': '榴芒传说', 'appVersion': 'v0.1.3', 'systemType': 'mp', 'systemVersion': 'Android 10', 'deviceId': 'mini app', 'deviceModel': 'Redmi K20 Pro', 'shopId': '1'}
2021-10-12 16:39:16  返回结果：{'time': 1634027956.802, 'message': '【】库存不足43', 'code': 500, 'status': 200, 'data': None} 
2021-10-12 16:44:40  用户10001530在C端登录成功
2021-10-12 16:44:40  接口：v1/shop-goods/edit|调用post方法|参数：{'goods_id': 100004301, 'status': 10, 'sku': [{'sku_id': 100003280, 'nums': 100}]}
2021-10-12 16:44:40  返回结果：{'time': 1634028280.843, 'message': '没有编辑权限', 'code': 12399, 'status': 200, 'data': []} 
2021-10-12 16:44:56  用户10001520在C端登录成功
2021-10-12 16:44:56  接口：v1/shop-goods/edit|调用post方法|参数：{'goods_id': 100004301, 'status': 10, 'sku': [{'sku_id': 100003280, 'nums': 100}]}
2021-10-12 16:44:56  返回结果：{'time': 1634028296.38, 'message': 'ok', 'code': 0, 'status': 200, 'data': True} 
2021-10-12 16:45:42  用户10001520在C端登录成功
2021-10-12 16:45:42  接口：v1/shop-goods/edit|调用post方法|参数：{'goods_id': 100004301, 'status': 10, 'sku': [{'sku_id': 100003280, 'nums': 100}]}
2021-10-12 16:45:42  返回结果：{'time': 1634028342.81, 'message': 'ok', 'code': 0, 'status': 200, 'data': True} 
2021-10-12 16:45:49  用户10001530在C端登录成功
2021-10-12 16:45:49  接口：v1/shop-goods/edit|调用post方法|参数：{'goods_id': 100004301, 'status': 10, 'sku': [{'sku_id': 100003280, 'nums': 100}]}
2021-10-12 16:45:49  返回结果：{'time': 1634028349.793, 'message': '没有编辑权限', 'code': 12399, 'status': 200, 'data': []} 
2021-10-12 16:46:41  用户10001530在C端登录成功
2021-10-12 16:46:41  接口：v1/shop-goods/edit|调用post方法|参数：{'goods_id': 100004301, 'status': 10, 'sku': [{'sku_id': 100003280, 'nums': 100}]}
2021-10-12 16:46:41  返回结果：{'time': 1634028401.892, 'message': '没有编辑权限', 'code': 12399, 'status': 200, 'data': []} 
2021-10-12 16:46:48  用户10001520在C端登录成功
2021-10-12 16:46:48  接口：v1/shop-goods/edit|调用post方法|参数：{'goods_id': 100004301, 'status': 10, 'sku': [{'sku_id': 100003280, 'nums': 100}]}
2021-10-12 16:46:48  返回结果：{'time': 1634028408.326, 'message': '没有编辑权限', 'code': 12399, 'status': 200, 'data': []} 
2021-10-12 16:47:31  用户10001520在C端登录成功
2021-10-12 16:47:31  接口：v1/shop-goods/edit|调用post方法|参数：{'goods_id': 100004301, 'status': 10, 'sku': [{'sku_id': 100003280, 'nums': 100}]}
2021-10-12 16:47:32  返回结果：{'time': 1634028452.142, 'message': 'ok', 'code': 0, 'status': 200, 'data': True} 
2021-10-12 16:48:06  用户10001530在C端登录成功
2021-10-12 16:48:06  接口：v1/order/submit|调用post方法|参数：{'type': 1, 'bargain_id': 0, 'buy_insurance': 0, 'join_store': 0, 'goods_id': '100004301', 'sku_id': '100003280', 'nums': 1, 'couponNeedNum': 1, 'cart_ids': '', 'address_ids': 4921631, 'coupon_id': '', 'extend': {'100000194': {'buy_insurance': 0, 'buyer_message': ''}}, 'scene': 'null', 'source': 'null', 'appName': '榴芒传说', 'appVersion': 'v0.1.3', 'systemType': 'mp', 'systemVersion': 'Android 10', 'deviceId': 'mini app', 'deviceModel': 'Redmi K20 Pro', 'shopId': '1'}
2021-10-12 16:48:06  返回结果：{'time': 1634028486.834, 'message': '【】库存不足43', 'code': 500, 'status': 200, 'data': None} 
2021-10-12 16:49:00  用户10001530在C端登录成功
2021-10-12 16:49:00  接口：v1/shop-goods/edit|调用post方法|参数：{'goods_id': 100004301, 'status': 10, 'sku': [{'sku_id': 100003280, 'nums': 100}]}
2021-10-12 16:49:00  返回结果：{'time': 1634028540.846, 'message': '没有编辑权限', 'code': 12399, 'status': 200, 'data': []} 
2021-10-12 16:49:09  用户10001520在C端登录成功
2021-10-12 16:49:09  接口：v1/shop-goods/edit|调用post方法|参数：{'goods_id': 100004301, 'status': 10, 'sku': [{'sku_id': 100003280, 'nums': 100}]}
2021-10-12 16:49:09  返回结果：{'time': 1634028549.318, 'message': 'ok', 'code': 0, 'status': 200, 'data': True} 
2021-10-12 16:53:18  用户10001520在C端登录成功
2021-10-12 16:53:18  接口：v1/order/submit|调用post方法|参数：{'type': 1, 'bargain_id': 0, 'buy_insurance': 0, 'join_store': 0, 'goods_id': '100004301', 'sku_id': '100003280', 'nums': 1, 'couponNeedNum': 1, 'cart_ids': '', 'address_ids': 4921631, 'coupon_id': '', 'extend': {'100000194': {'buy_insurance': 0, 'buyer_message': ''}}, 'scene': 'null', 'source': 'null', 'appName': '榴芒传说', 'appVersion': 'v0.1.3', 'systemType': 'mp', 'systemVersion': 'Android 10', 'deviceId': 'mini app', 'deviceModel': 'Redmi K20 Pro', 'shopId': '22'}
2021-10-12 16:53:18  返回结果：{'time': 1634028798.934, 'message': '请选择收货地址', 'code': 500, 'status': 200, 'data': None} 
2021-10-12 16:53:41  用户10001520在C端登录成功
2021-10-12 16:53:41  接口：v1/order/submit|调用post方法|参数：{'type': 1, 'bargain_id': 0, 'buy_insurance': 0, 'join_store': 0, 'goods_id': '100004301', 'sku_id': '100003280', 'nums': 1, 'couponNeedNum': 1, 'cart_ids': '', 'address_ids': '4921631', 'coupon_id': '', 'extend': {'100000194': {'buy_insurance': 0, 'buyer_message': ''}}, 'scene': 'null', 'source': 'null', 'appName': '榴芒传说', 'appVersion': 'v0.1.3', 'systemType': 'mp', 'systemVersion': 'Android 10', 'deviceId': 'mini app', 'deviceModel': 'Redmi K20 Pro', 'shopId': '22'}
2021-10-12 16:53:41  返回结果：{'time': 1634028821.793, 'message': '请选择收货地址', 'code': 500, 'status': 200, 'data': None} 
2021-10-12 16:57:53  用户10001520在C端登录成功
2021-10-12 16:57:53  接口：v1/order/submit|调用post方法|参数：{'type': 1, 'bargain_id': 0, 'buy_insurance': 0, 'join_store': 0, 'goods_id': '100004301', 'sku_id': '100003280', 'nums': 1, 'couponNeedNum': 1, 'cart_ids': '', 'address_ids': '4921631', 'coupon_id': '', 'extend': {'100000194': {'buy_insurance': 0, 'buyer_message': ''}}, 'scene': 'null', 'source': 'null', 'appName': '榴芒传说', 'appVersion': 'v0.1.3', 'systemType': 'mp', 'systemVersion': 'Android 10', 'deviceId': 'mini app', 'deviceModel': 'Redmi K20 Pro', 'shopId': '22'}
2021-10-12 16:57:53  返回结果：{'time': 1634029073.249, 'message': '请选择收货地址', 'code': 500, 'status': 200, 'data': None} 
2021-10-12 16:58:48  用户10001520在C端登录成功
2021-10-12 16:58:48  接口：v1/order/submit|调用post方法|参数：{'type': 1, 'bargain_id': 0, 'buy_insurance': 0, 'join_store': 0, 'goods_id': '100004301', 'sku_id': '100003280', 'nums': 1, 'couponNeedNum': 1, 'cart_ids': '', 'address_ids': '4921631', 'coupon_id': '', 'extend': {'100000194': {'buy_insurance': 0, 'buyer_message': ''}}, 'scene': 'null', 'source': 'null', 'appName': '榴芒传说', 'appVersion': 'v0.1.3', 'systemType': 'mp', 'systemVersion': 'Android 10', 'deviceId': 'mini app', 'deviceModel': 'Redmi K20 Pro', 'shopId': '22'}
2021-10-12 16:58:49  返回结果：{'time': 1634029129.051, 'message': '请选择收货地址', 'code': 500, 'status': 200, 'data': None} 
2021-10-12 16:58:53  用户10001520在C端登录成功
2021-10-12 16:58:53  接口：v1/order/submit|调用post方法|参数：{'type': 1, 'bargain_id': 0, 'buy_insurance': 0, 'join_store': 0, 'goods_id': '100004301', 'sku_id': '100003280', 'nums': 1, 'couponNeedNum': 1, 'cart_ids': '', 'address_ids': '4921631', 'coupon_id': '', 'extend': {'100000194': {'buy_insurance': 0, 'buyer_message': ''}}, 'scene': 'null', 'source': 'null', 'appName': '榴芒传说', 'appVersion': 'v0.1.3', 'systemType': 'mp', 'systemVersion': 'Android 10', 'deviceId': 'mini app', 'deviceModel': 'Redmi K20 Pro', 'shopId': '22'}
2021-10-12 16:58:53  返回结果：{'time': 1634029133.548, 'message': '请选择收货地址', 'code': 500, 'status': 200, 'data': None} 
2021-10-12 17:00:18  用户10001520在C端登录成功
2021-10-12 17:00:18  接口：v1/order/submit|调用post方法|参数：{'type': 1, 'bargain_id': 0, 'buy_insurance': 0, 'join_store': 0, 'goods_id': '100004301', 'sku_id': '100003280', 'nums': 1, 'couponNeedNum': 1, 'cart_ids': '', 'address_ids': '4921628', 'coupon_id': '', 'extend': {'100000194': {'buy_insurance': 0, 'buyer_message': ''}}, 'scene': 'null', 'source': 'null', 'appName': '榴芒传说', 'appVersion': 'v0.1.3', 'systemType': 'mp', 'systemVersion': 'Android 10', 'deviceId': 'mini app', 'deviceModel': 'Redmi K20 Pro', 'shopId': '22'}
2021-10-12 17:00:18  返回结果：{'time': 1634029218.801, 'message': '请选择收货地址', 'code': 500, 'status': 200, 'data': None} 
2021-10-12 17:02:15  用户10001520在C端登录成功
2021-10-12 17:02:15  接口：v1/order/submit|调用post方法|参数：{'type': 1, 'bargain_id': 0, 'buy_insurance': 0, 'join_store': 0, 'goods_id': '100004301', 'sku_id': '100003280', 'nums': 1, 'couponNeedNum': 1, 'cart_ids': '', 'address_ids': ['4921628'], 'coupon_id': '', 'extend': {'100000194': {'buy_insurance': 0, 'buyer_message': ''}}, 'scene': 'null', 'source': 'null', 'appName': '榴芒传说', 'appVersion': 'v0.1.3', 'systemType': 'mp', 'systemVersion': 'Android 10', 'deviceId': 'mini app', 'deviceModel': 'Redmi K20 Pro', 'shopId': '22'}
2021-10-12 17:02:15  返回结果：{'time': 1634029335.985, 'message': '/data/wwwroot/lmcs/lmcs-server/common/modules/order/popo/bo/OrderBuyBO.php 172 Array to string conversion', 'code': 500, 'status': 200, 'data': None} 
2021-10-12 17:05:39  用户10001530在C端登录成功
2021-10-12 17:05:39  接口：v1/order/submit|调用post方法|参数：{'type': 1, 'bargain_id': 0, 'buy_insurance': 0, 'join_store': 0, 'goods_id': '100004301', 'sku_id': '100003280', 'nums': 1, 'couponNeedNum': 1, 'cart_ids': '', 'address_ids': '4921628', 'coupon_id': '', 'extend': {'100000194': {'buy_insurance': 0, 'buyer_message': ''}}, 'scene': 'null', 'source': 'null', 'appName': '榴芒传说', 'appVersion': 'v0.1.3', 'systemType': 'mp', 'systemVersion': 'Android 10', 'deviceId': 'mini app', 'deviceModel': 'Redmi K20 Pro', 'shopId': '22'}
2021-10-12 17:05:39  返回结果：{'time': 1634029539.606, 'message': 'ok', 'code': 0, 'status': 200, 'data': {'is_pay': 0, 'pay_type': 0, 'order_id': 14995, 'order_sn': '202110121705394967443', 'total_fee': 129, 'actual_fee': 115}} 
2021-10-12 17:05:39  接口：v1/pay/pay|调用post方法|参数：{'pay_type': 1, 'order_sn': '202110121705394967443', 'appName': '榴芒传说', 'appVersion': 'v0.1.3', 'systemType': 'mp', 'systemVersion': 'Windows 10 x64', 'deviceId': 'mini app', 'deviceModel': 'microsoft'}
2021-10-12 17:05:39  返回结果：{'time': 1634029539.823, 'message': 'ok', 'code': 0, 'status': 200, 'data': {'id': 14995, 'pid': 0, 'is_child': 1, 'type': 0, 'order_sn': '202110121705394967443', 'sell_group_order_sn': '', 'pin_status': 0, 'use_status': 0, 'status': 2, 'team_id': 0, 'referrer_type': 0, 'referrer_uid': 0, 'group_id': 0, 'goods_id': 100004301, 'seckill_id': 0, 'bargain_id': 0, 'brand_id': 17, 'goods_title': '测试下单的商品前驱', 'goods_subtitle': '副标题', 'activity_name': '', 'user_type': 1, 'uid': 10001530, 'supplier_id': 30357, 'supplier_type': 0, 'coupon_id': 0, 'freight_id': 543, 'buyer_nickname': 'Mr.Howell', 'buyer_cellphone': '18512818001', 'buyer_message': '', 'discount_fee': '0.00', 'freight_fee': '10.00', 'goods_fee': '119.00', 'insurance_fee': '0.00', 'cost_fee': '50.00', 'sale_fee': '119.00', 'diff_fee': '0.00', 'thrift_fee': '14.00', 'coupon_fee': '0.00', 'rebate_fee': '0.00', 'shop_profit': '69.00', 'service_price': '0.00', 'service_cost': '0.00', 'buy_insurance': 0, 'total_fee': '129.00', 'actual_fee': '115.00', 'balance_fee': '0.00', 'give_integral': 115, 'commission': '{"fee1":[0,0,0,0],"fee2":[0,0,0,0],"total":0}', 'pay_type': 1, 'launch_time': 1634029539, 'pay_time': 1634029539, 'send_time': 0, 'take_time': 0, 'cancel_time': 0, 'feedback_time': 0, 'apply_time': 0, 'close_time': 0, 'status_child': 0, 'nums': 1, 'address_id': 4921628, 'receiver_name': '李杰', 'receiver_mobile': '13980883526', 'receiver_idcard': '', 'receiver_province_id': 510000, 'receiver_city_id': 510100, 'receiver_district_id': 510107, 'receiver_street_id': 0, 'receiver_address': '四川省成都市武侯区环球中心s1', 'deliver_type': 1, 'from': 3, 'cause': '', 'remark': '', 'logistics_name': '', 'logistics_sn': '', 'express_code': '', 'export_record': 0, 'delflag': 0, 'is_drainage': 0, 'order_uid': 0, 'is_bill': 1, 'created_at': 1634029539, 'updated_at': 1634029539, 'admin_uid': 0, 'old_sys_member_id': 0, 'old_sys_order_id': 0, 'third_order_no': '0', 'really_name': '', 'is_gift': 0, 'shop_province': 0, 'shop_city': 0, 'shop_district': 0, 'is_store_refund': 1, 'store_extend': '', 'shop_referer_rebate_created': 0, 'compensate': '0.00', 'is_subscribe_msg': 0, 'activity_types': 0, 'scm_order_id': '', 'scm_product_id': '0', 'scm_order_price': '0.00', 'trade_type': 0, 'shop_id': '3', 'deliver_shop_id': '22', 'same_city': 0, 'receiver_longitude': 0, 'receiver_latitude': 0, 'volume_width': 0}} 
2021-10-12 17:24:14  李杰1在B端登录成功
2021-10-12 17:24:14  接口：v1/goods/save|调用post方法|参数：{'is_break': 0, 'is_receive_way_logistics': 1, 'cross_border': 2, 'team_angel1': 0, 'team_angel2': 0, 'brand_id': 17, 'start_type': 1, 'end_type': 3, 'cat_id': ['303'], 'shop_type': 0, 'activity_svip': 0, 'activity_star': 0, 'title': '先行测试商品2', 'subtitle': '副标题', 'goods_sn': '商品货号', 'supplier_id': 30356, 'sort': '9999', 'weight': '2', 'volume_width': '3', 'content': '<p>图文详情</p>', 'buy_notice': '抢购须知', 'shop_value': [], 'long_thumb': 'https://lmcscdn.jzwp.cn/1634030440867.jpg', 'is_coupon_convert': 0, 'cat_id1': '303', 'cat_id2': 0, 'cat_id3': 0, 'thumb': 'https://lmcscdn.jzwp.cn/1634030433558.jpg', 'imgs': ['https://lmcscdn.jzwp.cn/1634030436805.jpg'], 'stock_base': '1000', 'type_id': 27, 'type': 27, 'attr_datas': [{'sku_sn': 'null', 'sku_id': 0, 'goods_attr_ids': '1035', 'incr_stock': '1000', 'market_price': '299', 'star_price': 'null', 'star_fee': 'null', 'thrift_fee': '19', 'storage_cost': 'null', 'clear_price': 'null', 'shop_price': '249', 'vip_price': 'null', 'cost_price': '10'}, {'sku_sn': 'null', 'sku_id': 0, 'goods_attr_ids': '2062', 'incr_stock': '1000', 'market_price': '299', 'star_price': 'null', 'star_fee': 'null', 'thrift_fee': '19', 'storage_cost': 'null', 'clear_price': 'null', 'shop_price': '249', 'vip_price': 'null', 'cost_price': '10'}, {'sku_sn': 'null', 'sku_id': 0, 'goods_attr_ids': '2063', 'incr_stock': '1000', 'market_price': '299', 'star_price': 'null', 'star_fee': 'null', 'thrift_fee': '19', 'storage_cost': 'null', 'clear_price': 'null', 'shop_price': '249', 'vip_price': 'null', 'cost_price': '10'}], 'sku_imgs': {}, 'params': [], 'goods_id': 100004335, 'supplier_type': 0}
2021-10-12 17:24:14  返回结果：{'code': 0, 'status': 200, 'time': 1634030654.842, 'message': 'ok', 'data': True} 
2021-10-12 17:34:40  用户10001520在C端登录成功
2021-10-12 17:34:40  接口：v1/shop-goods/edit|调用post方法|参数：{'goods_id': 100004335, 'status': 10, 'sku': [{'sku_id': 100003289, 'nums': 100}, {'sku_id': 100003288, 'nums': 100}, {'sku_id': 100003287, 'nums': 100}]}
2021-10-12 17:34:40  返回结果：{'time': 1634031280.411, 'message': 'ok', 'code': 0, 'status': 200, 'data': True} 
2021-10-12 17:36:25  用户10001530在C端登录成功
2021-10-12 17:36:25  接口：v1/order/submit|调用post方法|参数：{'type': 1, 'bargain_id': 0, 'buy_insurance': 0, 'join_store': 0, 'goods_id': '100004335', 'sku_id': '100003289', 'nums': 2, 'couponNeedNum': 1, 'cart_ids': '', 'address_ids': '4921628', 'coupon_id': '', 'extend': {'100000194': {'buy_insurance': 0, 'buyer_message': ''}}, 'scene': 'null', 'source': 'null', 'appName': '榴芒传说', 'appVersion': 'v0.1.3', 'systemType': 'mp', 'systemVersion': 'Android 10', 'deviceId': 'mini app', 'deviceModel': 'Redmi K20 Pro', 'shopId': '22'}
2021-10-12 17:36:26  返回结果：{'time': 1634031386.085, 'message': 'ok', 'code': 0, 'status': 200, 'data': {'is_pay': 0, 'pay_type': 0, 'order_id': 14996, 'order_sn': '202110121736259668155', 'total_fee': 498, 'actual_fee': 460}} 
2021-10-12 17:36:26  接口：v1/pay/pay|调用post方法|参数：{'pay_type': 1, 'order_sn': '202110121736259668155', 'appName': '榴芒传说', 'appVersion': 'v0.1.3', 'systemType': 'mp', 'systemVersion': 'Windows 10 x64', 'deviceId': 'mini app', 'deviceModel': 'microsoft'}
2021-10-12 17:36:26  返回结果：{'time': 1634031386.338, 'message': 'ok', 'code': 0, 'status': 200, 'data': {'id': 14996, 'pid': 0, 'is_child': 1, 'type': 0, 'order_sn': '202110121736259668155', 'sell_group_order_sn': '', 'pin_status': 0, 'use_status': 0, 'status': 2, 'team_id': 0, 'referrer_type': 0, 'referrer_uid': 0, 'group_id': 0, 'goods_id': 100004335, 'seckill_id': 0, 'bargain_id': 0, 'brand_id': 17, 'goods_title': '先行测试商品2', 'goods_subtitle': '副标题', 'activity_name': '', 'user_type': 1, 'uid': 10001530, 'supplier_id': 30356, 'supplier_type': 0, 'coupon_id': 0, 'freight_id': 0, 'buyer_nickname': 'Mr.Howell', 'buyer_cellphone': '18512818001', 'buyer_message': '', 'discount_fee': '0.00', 'freight_fee': '0.00', 'goods_fee': '498.00', 'insurance_fee': '0.00', 'cost_fee': '20.00', 'sale_fee': '498.00', 'diff_fee': '0.00', 'thrift_fee': '38.00', 'coupon_fee': '0.00', 'rebate_fee': '0.00', 'shop_profit': '478.00', 'service_price': '0.00', 'service_cost': '0.00', 'buy_insurance': 0, 'total_fee': '498.00', 'actual_fee': '460.00', 'balance_fee': '0.00', 'give_integral': 460, 'commission': '{"fee1":[0,0,0,0],"fee2":[0,0,0,0],"total":0}', 'pay_type': 1, 'launch_time': 1634031386, 'pay_time': 1634031386, 'send_time': 0, 'take_time': 0, 'cancel_time': 0, 'feedback_time': 0, 'apply_time': 0, 'close_time': 0, 'status_child': 0, 'nums': 2, 'address_id': 4921628, 'receiver_name': '李杰', 'receiver_mobile': '13980883526', 'receiver_idcard': '', 'receiver_province_id': 510000, 'receiver_city_id': 510100, 'receiver_district_id': 510107, 'receiver_street_id': 0, 'receiver_address': '四川省成都市武侯区环球中心s1', 'deliver_type': 1, 'from': 3, 'cause': '', 'remark': '', 'logistics_name': '', 'logistics_sn': '', 'express_code': '', 'export_record': 0, 'delflag': 0, 'is_drainage': 0, 'order_uid': 0, 'is_bill': 1, 'created_at': 1634031385, 'updated_at': 1634031386, 'admin_uid': 0, 'old_sys_member_id': 0, 'old_sys_order_id': 0, 'third_order_no': '0', 'really_name': '', 'is_gift': 0, 'shop_province': 0, 'shop_city': 0, 'shop_district': 0, 'is_store_refund': 1, 'store_extend': '', 'shop_referer_rebate_created': 0, 'compensate': '0.00', 'is_subscribe_msg': 0, 'activity_types': 0, 'scm_order_id': '', 'scm_product_id': '0', 'scm_order_price': '0.00', 'trade_type': 0, 'shop_id': '3', 'deliver_shop_id': '22', 'same_city': 0, 'receiver_longitude': 0, 'receiver_latitude': 0, 'volume_width': 0}} 
2021-10-12 17:38:33  用户10001530在C端登录成功
2021-10-12 17:38:33  接口：v1/order/submit|调用post方法|参数：{'type': 1, 'bargain_id': 0, 'buy_insurance': 0, 'join_store': 0, 'goods_id': '100004335', 'sku_id': '100003289', 'nums': 2, 'couponNeedNum': 1, 'cart_ids': '', 'address_ids': '4921628', 'coupon_id': '', 'extend': {'100000194': {'buy_insurance': 0, 'buyer_message': ''}}, 'scene': 'null', 'source': 'null', 'appName': '榴芒传说', 'appVersion': 'v0.1.3', 'systemType': 'mp', 'systemVersion': 'Android 10', 'deviceId': 'mini app', 'deviceModel': 'Redmi K20 Pro', 'shopId': '1'}
2021-10-12 17:38:33  返回结果：{'time': 1634031514.057, 'message': '【L:巨大】库存不足43', 'code': 500, 'status': 200, 'data': None} 
2021-10-12 17:39:27  用户10001530在C端登录成功
2021-10-12 17:39:27  接口：v1/order/submit|调用post方法|参数：{'type': 1, 'bargain_id': 0, 'buy_insurance': 0, 'join_store': 0, 'goods_id': '100004335', 'sku_id': '100003289', 'nums': 2, 'couponNeedNum': 1, 'cart_ids': '', 'address_ids': '4921628', 'coupon_id': '', 'extend': {'100000194': {'buy_insurance': 0, 'buyer_message': ''}}, 'scene': 'null', 'source': 'null', 'appName': '榴芒传说', 'appVersion': 'v0.1.3', 'systemType': 'mp', 'systemVersion': 'Android 10', 'deviceId': 'mini app', 'deviceModel': 'Redmi K20 Pro'}
2021-10-12 17:39:28  返回结果：{'time': 1634031568.175, 'message': '门店错误', 'code': 500, 'status': 200, 'data': None} 
2021-10-12 17:43:50  用户10001530在C端登录成功
2021-10-12 17:43:50  接口：v1/order/submit|调用post方法|参数：{'type': 1, 'bargain_id': 0, 'buy_insurance': 0, 'join_store': 0, 'goods_id': '100004335', 'sku_id': '100003289', 'nums': 2, 'couponNeedNum': 1, 'cart_ids': '', 'address_ids': '4921628', 'coupon_id': '', 'extend': {'100000194': {'buy_insurance': 0, 'buyer_message': ''}}, 'scene': 'null', 'source': 'null', 'appName': '榴芒传说', 'appVersion': 'v0.1.3', 'systemType': 'mp', 'systemVersion': 'Android 10', 'deviceId': 'mini app', 'deviceModel': 'Redmi K20 Pro', 'shopId': '22'}
2021-10-12 17:43:50  返回结果：{'time': 1634031830.41, 'message': 'ok', 'code': 0, 'status': 200, 'data': {'is_pay': 0, 'pay_type': 0, 'order_id': 14997, 'order_sn': '202110121743503565659', 'total_fee': 498, 'actual_fee': 460}} 
2021-10-12 17:43:50  接口：v1/pay/pay|调用post方法|参数：{'pay_type': 1, 'order_sn': '202110121743503565659', 'appName': '榴芒传说', 'appVersion': 'v0.1.3', 'systemType': 'mp', 'systemVersion': 'Windows 10 x64', 'deviceId': 'mini app', 'deviceModel': 'microsoft'}
2021-10-12 17:43:50  返回结果：{'time': 1634031830.627, 'message': 'ok', 'code': 0, 'status': 200, 'data': {'id': 14997, 'pid': 0, 'is_child': 1, 'type': 0, 'order_sn': '202110121743503565659', 'sell_group_order_sn': '', 'pin_status': 0, 'use_status': 0, 'status': 2, 'team_id': 0, 'referrer_type': 0, 'referrer_uid': 0, 'group_id': 0, 'goods_id': 100004335, 'seckill_id': 0, 'bargain_id': 0, 'brand_id': 17, 'goods_title': '先行测试商品2', 'goods_subtitle': '副标题', 'activity_name': '', 'user_type': 1, 'uid': 10001530, 'supplier_id': 30356, 'supplier_type': 0, 'coupon_id': 0, 'freight_id': 0, 'buyer_nickname': 'Mr.Howell', 'buyer_cellphone': '18512818001', 'buyer_message': '', 'discount_fee': '0.00', 'freight_fee': '0.00', 'goods_fee': '498.00', 'insurance_fee': '0.00', 'cost_fee': '20.00', 'sale_fee': '498.00', 'diff_fee': '0.00', 'thrift_fee': '38.00', 'coupon_fee': '0.00', 'rebate_fee': '0.00', 'shop_profit': '478.00', 'service_price': '0.00', 'service_cost': '0.00', 'buy_insurance': 0, 'total_fee': '498.00', 'actual_fee': '460.00', 'balance_fee': '0.00', 'give_integral': 460, 'commission': '{"fee1":[0,0,0,0],"fee2":[0,0,0,0],"total":0}', 'pay_type': 1, 'launch_time': 1634031830, 'pay_time': 1634031830, 'send_time': 0, 'take_time': 0, 'cancel_time': 0, 'feedback_time': 0, 'apply_time': 0, 'close_time': 0, 'status_child': 0, 'nums': 2, 'address_id': 4921628, 'receiver_name': '李杰', 'receiver_mobile': '13980883526', 'receiver_idcard': '', 'receiver_province_id': 510000, 'receiver_city_id': 510100, 'receiver_district_id': 510107, 'receiver_street_id': 0, 'receiver_address': '四川省成都市武侯区环球中心s1', 'deliver_type': 1, 'from': 3, 'cause': '', 'remark': '', 'logistics_name': '', 'logistics_sn': '', 'express_code': '', 'export_record': 0, 'delflag': 0, 'is_drainage': 0, 'order_uid': 0, 'is_bill': 1, 'created_at': 1634031830, 'updated_at': 1634031830, 'admin_uid': 0, 'old_sys_member_id': 0, 'old_sys_order_id': 0, 'third_order_no': '0', 'really_name': '', 'is_gift': 0, 'shop_province': 0, 'shop_city': 0, 'shop_district': 0, 'is_store_refund': 1, 'store_extend': '', 'shop_referer_rebate_created': 0, 'compensate': '0.00', 'is_subscribe_msg': 0, 'activity_types': 0, 'scm_order_id': '', 'scm_product_id': '0', 'scm_order_price': '0.00', 'trade_type': 0, 'shop_id': '3', 'deliver_shop_id': '22', 'same_city': 0, 'receiver_longitude': 0, 'receiver_latitude': 0, 'volume_width': 0}} 
2021-10-12 18:00:11  李杰1在B端登录成功
2021-10-12 18:00:11  接口：v1/goods/save|调用post方法|参数：{'is_break': 0, 'is_receive_way_logistics': 1, 'cross_border': 2, 'team_angel1': 0, 'team_angel2': 0, 'brand_id': 17, 'start_type': 1, 'end_type': 3, 'cat_id': ['303'], 'shop_type': 1, 'activity_svip': 0, 'activity_star': 0, 'title': '先行测试商品2', 'subtitle': '副标题', 'goods_sn': '商品货号', 'supplier_id': 30356, 'sort': '9999', 'weight': '2', 'volume_width': '3', 'content': '<p>图文详情</p>', 'buy_notice': '抢购须知', 'shop_value': [22], 'long_thumb': 'https://lmcscdn.jzwp.cn/1634030440867.jpg', 'is_coupon_convert': 0, 'cat_id1': '303', 'cat_id2': 0, 'cat_id3': 0, 'thumb': 'https://lmcscdn.jzwp.cn/1634030433558.jpg', 'imgs': ['https://lmcscdn.jzwp.cn/1634030436805.jpg'], 'stock_base': '1000', 'type_id': 27, 'type': 27, 'attr_datas': [{'sku_sn': 'null', 'sku_id': 0, 'goods_attr_ids': '1035', 'incr_stock': '1000', 'market_price': '299', 'star_price': 'null', 'star_fee': 'null', 'thrift_fee': '19', 'storage_cost': 'null', 'clear_price': 'null', 'shop_price': '249', 'vip_price': 'null', 'cost_price': '10'}, {'sku_sn': 'null', 'sku_id': 0, 'goods_attr_ids': '2062', 'incr_stock': '1000', 'market_price': '299', 'star_price': 'null', 'star_fee': 'null', 'thrift_fee': '19', 'storage_cost': 'null', 'clear_price': 'null', 'shop_price': '249', 'vip_price': 'null', 'cost_price': '10'}, {'sku_sn': 'null', 'sku_id': 0, 'goods_attr_ids': '2063', 'incr_stock': '1000', 'market_price': '299', 'star_price': 'null', 'star_fee': 'null', 'thrift_fee': '19', 'storage_cost': 'null', 'clear_price': 'null', 'shop_price': '249', 'vip_price': 'null', 'cost_price': '10'}], 'sku_imgs': {}, 'params': [], 'goods_id': 100004335, 'supplier_type': 0}
2021-10-12 18:01:06  李杰1在B端登录成功
2021-10-12 18:01:06  接口：v1/goods/save|调用post方法|参数：{'is_break': 0, 'is_receive_way_logistics': 1, 'cross_border': 2, 'team_angel1': 0, 'team_angel2': 0, 'brand_id': 17, 'start_type': 1, 'end_type': 3, 'cat_id': ['303'], 'shop_type': 1, 'activity_svip': 0, 'activity_star': 0, 'title': '先行测试商品2', 'subtitle': '副标题', 'goods_sn': '商品货号', 'supplier_id': 30356, 'sort': '9999', 'weight': '2', 'volume_width': '3', 'content': '<p>图文详情</p>', 'buy_notice': '抢购须知', 'shop_value': ['22'], 'long_thumb': 'https://lmcscdn.jzwp.cn/1634030440867.jpg', 'is_coupon_convert': 0, 'cat_id1': '303', 'cat_id2': 0, 'cat_id3': 0, 'thumb': 'https://lmcscdn.jzwp.cn/1634030433558.jpg', 'imgs': ['https://lmcscdn.jzwp.cn/1634030436805.jpg'], 'stock_base': '1000', 'type_id': 27, 'type': 27, 'attr_datas': [{'sku_sn': 'null', 'sku_id': 0, 'goods_attr_ids': '1035', 'incr_stock': '1000', 'market_price': '299', 'star_price': 'null', 'star_fee': 'null', 'thrift_fee': '19', 'storage_cost': 'null', 'clear_price': 'null', 'shop_price': '249', 'vip_price': 'null', 'cost_price': '10'}, {'sku_sn': 'null', 'sku_id': 0, 'goods_attr_ids': '2062', 'incr_stock': '1000', 'market_price': '299', 'star_price': 'null', 'star_fee': 'null', 'thrift_fee': '19', 'storage_cost': 'null', 'clear_price': 'null', 'shop_price': '249', 'vip_price': 'null', 'cost_price': '10'}, {'sku_sn': 'null', 'sku_id': 0, 'goods_attr_ids': '2063', 'incr_stock': '1000', 'market_price': '299', 'star_price': 'null', 'star_fee': 'null', 'thrift_fee': '19', 'storage_cost': 'null', 'clear_price': 'null', 'shop_price': '249', 'vip_price': 'null', 'cost_price': '10'}], 'sku_imgs': {}, 'params': [], 'goods_id': 100004335, 'supplier_type': 0}
2021-10-12 18:09:21  李杰1在B端登录成功
2021-10-12 18:09:21  接口：v1/goods/save|调用post方法|参数：{'is_break': 0, 'is_receive_way_logistics': 1, 'cross_border': 2, 'team_angel1': 0, 'team_angel2': 0, 'brand_id': 17, 'start_type': 1, 'end_type': 3, 'cat_id': ['303'], 'shop_type': 1, 'activity_svip': 0, 'activity_star': 0, 'title': '先行测试商品2', 'subtitle': '副标题', 'goods_sn': '商品货号', 'supplier_id': 30356, 'sort': '9999', 'weight': '2', 'volume_width': '3', 'content': '<p>图文详情</p>', 'buy_notice': '抢购须知', 'shop_value': [22], 'long_thumb': 'https://lmcscdn.jzwp.cn/1634030440867.jpg', 'is_coupon_convert': 0, 'cat_id1': '303', 'cat_id2': 0, 'cat_id3': 0, 'thumb': 'https://lmcscdn.jzwp.cn/1634030433558.jpg', 'imgs': ['https://lmcscdn.jzwp.cn/1634030436805.jpg'], 'stock_base': '1000', 'type_id': 27, 'type': 27, 'attr_datas': [{'sku_sn': 'null', 'sku_id': 0, 'goods_attr_ids': '1035', 'incr_stock': '1000', 'market_price': '299', 'star_price': 'null', 'star_fee': 'null', 'thrift_fee': '19', 'storage_cost': 'null', 'clear_price': 'null', 'shop_price': '249', 'vip_price': 'null', 'cost_price': '10'}, {'sku_sn': 'null', 'sku_id': 0, 'goods_attr_ids': '2062', 'incr_stock': '1000', 'market_price': '299', 'star_price': 'null', 'star_fee': 'null', 'thrift_fee': '19', 'storage_cost': 'null', 'clear_price': 'null', 'shop_price': '249', 'vip_price': 'null', 'cost_price': '10'}, {'sku_sn': 'null', 'sku_id': 0, 'goods_attr_ids': '2063', 'incr_stock': '1000', 'market_price': '299', 'star_price': 'null', 'star_fee': 'null', 'thrift_fee': '19', 'storage_cost': 'null', 'clear_price': 'null', 'shop_price': '249', 'vip_price': 'null', 'cost_price': '10'}], 'sku_imgs': {}, 'params': [], 'goods_id': 100004335, 'supplier_type': 0}
2021-10-12 18:10:28  李杰1在B端登录成功
2021-10-12 18:10:28  接口：v1/goods/save|调用post方法|参数：{'is_break': 0, 'is_receive_way_logistics': 1, 'cross_border': 2, 'team_angel1': 0, 'team_angel2': 0, 'brand_id': 17, 'start_type': 1, 'end_type': 3, 'cat_id': ['303'], 'shop_type': 1, 'activity_svip': 0, 'activity_star': 0, 'title': '先行测试商品2', 'subtitle': '副标题', 'goods_sn': '商品货号', 'supplier_id': 30356, 'sort': '9999', 'weight': '2', 'volume_width': '3', 'content': '<p>图文详情</p>', 'buy_notice': '抢购须知', 'shop_value': [22], 'long_thumb': 'https://lmcscdn.jzwp.cn/1634030440867.jpg', 'is_coupon_convert': 0, 'cat_id1': '303', 'cat_id2': 0, 'cat_id3': 0, 'thumb': 'https://lmcscdn.jzwp.cn/1634030433558.jpg', 'imgs': ['https://lmcscdn.jzwp.cn/1634030436805.jpg'], 'stock_base': '1000', 'type_id': 27, 'type': 27, 'attr_datas': [{'sku_sn': 'null', 'sku_id': 0, 'goods_attr_ids': '1035', 'incr_stock': '1000', 'market_price': '299', 'star_price': 'null', 'star_fee': 'null', 'thrift_fee': '19', 'storage_cost': 'null', 'clear_price': 'null', 'shop_price': '249', 'vip_price': 'null', 'cost_price': '10'}, {'sku_sn': 'null', 'sku_id': 0, 'goods_attr_ids': '2062', 'incr_stock': '1000', 'market_price': '299', 'star_price': 'null', 'star_fee': 'null', 'thrift_fee': '19', 'storage_cost': 'null', 'clear_price': 'null', 'shop_price': '249', 'vip_price': 'null', 'cost_price': '10'}, {'sku_sn': 'null', 'sku_id': 0, 'goods_attr_ids': '2063', 'incr_stock': '1000', 'market_price': '299', 'star_price': 'null', 'star_fee': 'null', 'thrift_fee': '19', 'storage_cost': 'null', 'clear_price': 'null', 'shop_price': '249', 'vip_price': 'null', 'cost_price': '10'}], 'sku_imgs': {}, 'params': [], 'goods_id': 100004337, 'supplier_type': 0}
2021-10-12 18:10:28  返回结果：{'code': 0, 'status': 200, 'time': 1634033428.861, 'message': 'ok', 'data': True} 
2021-10-12 18:11:08  李杰1在B端登录成功
2021-10-12 18:11:08  接口：v1/goods/save|调用post方法|参数：{'is_break': 0, 'is_receive_way_logistics': 1, 'cross_border': 2, 'team_angel1': 0, 'team_angel2': 0, 'brand_id': 17, 'start_type': 1, 'end_type': 3, 'cat_id': ['303'], 'shop_type': 2, 'activity_svip': 0, 'activity_star': 0, 'title': '先行测试商品2', 'subtitle': '副标题', 'goods_sn': '商品货号', 'supplier_id': 30356, 'sort': '9999', 'weight': '2', 'volume_width': '3', 'content': '<p>图文详情</p>', 'buy_notice': '抢购须知', 'shop_value': [22], 'long_thumb': 'https://lmcscdn.jzwp.cn/1634030440867.jpg', 'is_coupon_convert': 0, 'cat_id1': '303', 'cat_id2': 0, 'cat_id3': 0, 'thumb': 'https://lmcscdn.jzwp.cn/1634030433558.jpg', 'imgs': ['https://lmcscdn.jzwp.cn/1634030436805.jpg'], 'stock_base': '1000', 'type_id': 27, 'type': 27, 'attr_datas': [{'sku_sn': 'null', 'sku_id': 0, 'goods_attr_ids': '1035', 'incr_stock': '1000', 'market_price': '299', 'star_price': 'null', 'star_fee': 'null', 'thrift_fee': '19', 'storage_cost': 'null', 'clear_price': 'null', 'shop_price': '249', 'vip_price': 'null', 'cost_price': '10'}, {'sku_sn': 'null', 'sku_id': 0, 'goods_attr_ids': '2062', 'incr_stock': '1000', 'market_price': '299', 'star_price': 'null', 'star_fee': 'null', 'thrift_fee': '19', 'storage_cost': 'null', 'clear_price': 'null', 'shop_price': '249', 'vip_price': 'null', 'cost_price': '10'}, {'sku_sn': 'null', 'sku_id': 0, 'goods_attr_ids': '2063', 'incr_stock': '1000', 'market_price': '299', 'star_price': 'null', 'star_fee': 'null', 'thrift_fee': '19', 'storage_cost': 'null', 'clear_price': 'null', 'shop_price': '249', 'vip_price': 'null', 'cost_price': '10'}], 'sku_imgs': {}, 'params': [], 'goods_id': 100004338, 'supplier_type': 0}
2021-10-12 18:11:31  李杰1在B端登录成功
2021-10-12 18:11:31  接口：v1/goods/save|调用post方法|参数：{'is_break': 0, 'is_receive_way_logistics': 1, 'cross_border': 2, 'team_angel1': 0, 'team_angel2': 0, 'brand_id': 17, 'start_type': 1, 'end_type': 3, 'cat_id': ['303'], 'shop_type': 2, 'activity_svip': 0, 'activity_star': 0, 'title': '先行测试商品2', 'subtitle': '副标题', 'goods_sn': '商品货号', 'supplier_id': 30356, 'sort': '9999', 'weight': '2', 'volume_width': '3', 'content': '<p>图文详情</p>', 'buy_notice': '抢购须知', 'shop_value': [22], 'long_thumb': 'https://lmcscdn.jzwp.cn/1634030440867.jpg', 'is_coupon_convert': 0, 'cat_id1': '303', 'cat_id2': 0, 'cat_id3': 0, 'thumb': 'https://lmcscdn.jzwp.cn/1634030433558.jpg', 'imgs': ['https://lmcscdn.jzwp.cn/1634030436805.jpg'], 'stock_base': '1000', 'type_id': 27, 'type': 27, 'attr_datas': [{'sku_sn': 'null', 'sku_id': 0, 'goods_attr_ids': '1035', 'incr_stock': '1000', 'market_price': '299', 'star_price': 'null', 'star_fee': 'null', 'thrift_fee': '19', 'storage_cost': 'null', 'clear_price': 'null', 'shop_price': '249', 'vip_price': 'null', 'cost_price': '10'}, {'sku_sn': 'null', 'sku_id': 0, 'goods_attr_ids': '2062', 'incr_stock': '1000', 'market_price': '299', 'star_price': 'null', 'star_fee': 'null', 'thrift_fee': '19', 'storage_cost': 'null', 'clear_price': 'null', 'shop_price': '249', 'vip_price': 'null', 'cost_price': '10'}, {'sku_sn': 'null', 'sku_id': 0, 'goods_attr_ids': '2063', 'incr_stock': '1000', 'market_price': '299', 'star_price': 'null', 'star_fee': 'null', 'thrift_fee': '19', 'storage_cost': 'null', 'clear_price': 'null', 'shop_price': '249', 'vip_price': 'null', 'cost_price': '10'}], 'sku_imgs': {}, 'params': [], 'goods_id': 100004339, 'supplier_type': 0}
2021-10-12 18:11:32  返回结果：{'code': 0, 'status': 200, 'time': 1634033492.074, 'message': 'ok', 'data': True} 
2021-10-12 18:19:25  李杰1在B端登录成功
2021-10-12 18:20:12  李杰1在B端登录成功
2021-10-12 18:21:29  李杰1在B端登录成功
2021-10-12 18:21:48  李杰1在B端登录成功
